[debug] [2022-12-25T02:25:28.776Z] ----------------------------------------------------------------------
[debug] [2022-12-25T02:25:28.778Z] Command:       /opt/homebrew/Cellar/node/19.2.0/bin/node /opt/homebrew/bin/firebase deploy
[debug] [2022-12-25T02:25:28.778Z] CLI Version:   11.19.0
[debug] [2022-12-25T02:25:28.778Z] Platform:      darwin
[debug] [2022-12-25T02:25:28.778Z] Node Version:  v19.2.0
[debug] [2022-12-25T02:25:28.778Z] Time:          Sun Dec 25 2022 13:25:28 GMT+1100 (Australian Eastern Daylight Time)
[debug] [2022-12-25T02:25:28.778Z] ----------------------------------------------------------------------
[debug] 
[debug] [2022-12-25T02:25:28.811Z] > command requires scopes: ["email","openid","https://www.googleapis.com/auth/cloudplatformprojects.readonly","https://www.googleapis.com/auth/firebase","https://www.googleapis.com/auth/cloud-platform"]
[debug] [2022-12-25T02:25:28.811Z] > authorizing via signed-in user (joshlimuni@gmail.com)
[debug] [2022-12-25T02:25:28.811Z] [iam] checking project fig-tree-hall for permissions ["firebase.projects.get","firebasehosting.sites.update"]
[debug] [2022-12-25T02:25:28.812Z] >>> [apiv2][query] POST https://cloudresourcemanager.googleapis.com/v1/projects/fig-tree-hall:testIamPermissions [none]
[debug] [2022-12-25T02:25:28.812Z] >>> [apiv2][(partial)header] POST https://cloudresourcemanager.googleapis.com/v1/projects/fig-tree-hall:testIamPermissions x-goog-quota-user=projects/fig-tree-hall
[debug] [2022-12-25T02:25:28.812Z] >>> [apiv2][body] POST https://cloudresourcemanager.googleapis.com/v1/projects/fig-tree-hall:testIamPermissions {"permissions":["firebase.projects.get","firebasehosting.sites.update"]}
[debug] [2022-12-25T02:25:33.129Z] ----------------------------------------------------------------------
[debug] [2022-12-25T02:25:33.130Z] Command:       /opt/homebrew/Cellar/node/19.2.0/bin/node /opt/homebrew/bin/firebase deploy
[debug] [2022-12-25T02:25:33.131Z] CLI Version:   11.19.0
[debug] [2022-12-25T02:25:33.131Z] Platform:      darwin
[debug] [2022-12-25T02:25:33.131Z] Node Version:  v19.2.0
[debug] [2022-12-25T02:25:33.131Z] Time:          Sun Dec 25 2022 13:25:33 GMT+1100 (Australian Eastern Daylight Time)
[debug] [2022-12-25T02:25:33.131Z] ----------------------------------------------------------------------
[debug] 
[debug] [2022-12-25T02:25:33.162Z] > command requires scopes: ["email","openid","https://www.googleapis.com/auth/cloudplatformprojects.readonly","https://www.googleapis.com/auth/firebase","https://www.googleapis.com/auth/cloud-platform"]
[debug] [2022-12-25T02:25:33.162Z] > authorizing via signed-in user (joshlimuni@gmail.com)
[debug] [2022-12-25T02:25:33.162Z] [iam] checking project fig-tree-hall for permissions ["firebase.projects.get","firebasehosting.sites.update"]
[debug] [2022-12-25T02:25:33.163Z] >>> [apiv2][query] POST https://cloudresourcemanager.googleapis.com/v1/projects/fig-tree-hall:testIamPermissions [none]
[debug] [2022-12-25T02:25:33.163Z] >>> [apiv2][(partial)header] POST https://cloudresourcemanager.googleapis.com/v1/projects/fig-tree-hall:testIamPermissions x-goog-quota-user=projects/fig-tree-hall
[debug] [2022-12-25T02:25:33.163Z] >>> [apiv2][body] POST https://cloudresourcemanager.googleapis.com/v1/projects/fig-tree-hall:testIamPermissions {"permissions":["firebase.projects.get","firebasehosting.sites.update"]}
[debug] [2022-12-25T02:25:34.780Z] <<< [apiv2][status] POST https://cloudresourcemanager.googleapis.com/v1/projects/fig-tree-hall:testIamPermissions 200
[debug] [2022-12-25T02:25:34.782Z] <<< [apiv2][body] POST https://cloudresourcemanager.googleapis.com/v1/projects/fig-tree-hall:testIamPermissions {"permissions":["firebase.projects.get","firebasehosting.sites.update"]}
[debug] [2022-12-25T02:25:34.784Z] >>> [apiv2][query] GET https://firebase.googleapis.com/v1beta1/projects/fig-tree-hall [none]
[debug] [2022-12-25T02:25:45.833Z] Failed to make request to https://firebase.googleapis.com/v1beta1/projects/fig-tree-hall
[debug] [2022-12-25T02:25:47.331Z] FirebaseError: Failed to make request to https://firebase.googleapis.com/v1beta1/projects/fig-tree-hall
    at RetryOperation._fn (/opt/homebrew/lib/node_modules/firebase-tools/lib/apiv2.js:242:31)
    at process.processTicksAndRejections (node:internal/process/task_queues:95:5)
[error] 
[error] Error: Failed to get Firebase project fig-tree-hall. Please make sure the project exists and your account has permission to access it.
[debug] [2022-12-25T02:26:05.091Z] ----------------------------------------------------------------------
[debug] [2022-12-25T02:26:05.092Z] Command:       /opt/homebrew/Cellar/node/19.2.0/bin/node /opt/homebrew/bin/firebase deploy
[debug] [2022-12-25T02:26:05.093Z] CLI Version:   11.19.0
[debug] [2022-12-25T02:26:05.093Z] Platform:      darwin
[debug] [2022-12-25T02:26:05.093Z] Node Version:  v19.2.0
[debug] [2022-12-25T02:26:05.093Z] Time:          Sun Dec 25 2022 13:26:05 GMT+1100 (Australian Eastern Daylight Time)
[debug] [2022-12-25T02:26:05.093Z] ----------------------------------------------------------------------
[debug] 
[debug] [2022-12-25T02:26:05.126Z] > command requires scopes: ["email","openid","https://www.googleapis.com/auth/cloudplatformprojects.readonly","https://www.googleapis.com/auth/firebase","https://www.googleapis.com/auth/cloud-platform"]
[debug] [2022-12-25T02:26:05.126Z] > authorizing via signed-in user (joshlimuni@gmail.com)
[debug] [2022-12-25T02:26:05.126Z] [iam] checking project fig-tree-hall for permissions ["firebase.projects.get","firebasehosting.sites.update"]
[debug] [2022-12-25T02:26:05.127Z] >>> [apiv2][query] POST https://cloudresourcemanager.googleapis.com/v1/projects/fig-tree-hall:testIamPermissions [none]
[debug] [2022-12-25T02:26:05.127Z] >>> [apiv2][(partial)header] POST https://cloudresourcemanager.googleapis.com/v1/projects/fig-tree-hall:testIamPermissions x-goog-quota-user=projects/fig-tree-hall
[debug] [2022-12-25T02:26:05.127Z] >>> [apiv2][body] POST https://cloudresourcemanager.googleapis.com/v1/projects/fig-tree-hall:testIamPermissions {"permissions":["firebase.projects.get","firebasehosting.sites.update"]}
[debug] [2022-12-25T02:26:07.612Z] <<< [apiv2][status] POST https://cloudresourcemanager.googleapis.com/v1/projects/fig-tree-hall:testIamPermissions 200
[debug] [2022-12-25T02:26:07.612Z] <<< [apiv2][body] POST https://cloudresourcemanager.googleapis.com/v1/projects/fig-tree-hall:testIamPermissions {"permissions":["firebase.projects.get","firebasehosting.sites.update"]}
[debug] [2022-12-25T02:26:07.615Z] >>> [apiv2][query] GET https://firebase.googleapis.com/v1beta1/projects/fig-tree-hall [none]
[debug] [2022-12-25T02:26:09.532Z] <<< [apiv2][status] GET https://firebase.googleapis.com/v1beta1/projects/fig-tree-hall 200
[debug] [2022-12-25T02:26:09.533Z] <<< [apiv2][body] GET https://firebase.googleapis.com/v1beta1/projects/fig-tree-hall {"projectId":"fig-tree-hall","projectNumber":"856234813572","displayName":"fig-tree-hall","name":"projects/fig-tree-hall","resources":{"hostingSite":"fig-tree-hall"},"state":"ACTIVE","etag":"1_ba15052c-51a4-4028-a064-8aae6ce8561b"}
[info] 
[info] === Deploying to 'fig-tree-hall'...
[info] 
[info] i  deploying hosting 
[debug] [2022-12-25T02:26:09.552Z] >>> [apiv2][query] POST https://firebasehosting.googleapis.com/v1beta1/projects/-/sites/fig-tree-hall/versions [none]
[debug] [2022-12-25T02:26:09.552Z] >>> [apiv2][body] POST https://firebasehosting.googleapis.com/v1beta1/projects/-/sites/fig-tree-hall/versions {"status":"CREATED","labels":{"deployment-tool":"cli-firebase"}}
[debug] [2022-12-25T02:26:12.556Z] <<< [apiv2][status] POST https://firebasehosting.googleapis.com/v1beta1/projects/-/sites/fig-tree-hall/versions 200
[debug] [2022-12-25T02:26:12.557Z] <<< [apiv2][body] POST https://firebasehosting.googleapis.com/v1beta1/projects/-/sites/fig-tree-hall/versions {"name":"projects/856234813572/sites/fig-tree-hall/versions/92afd25a78d61b06","status":"CREATED","config":{},"labels":{"deployment-tool":"cli-firebase"}}
[info] i  hosting[fig-tree-hall]: beginning deploy... 
[info] i  hosting[fig-tree-hall]: found 12 files in build 
[debug] [2022-12-25T02:26:12.573Z] [hosting] uploading with 200 concurrency
[debug] [2022-12-25T02:26:12.580Z] [hosting] hash cache [YnVpbGQ] stored for 12 files
[debug] [2022-12-25T02:26:12.580Z] [hosting][hash queue][FINAL] {"max":2,"min":0,"avg":0,"active":0,"complete":12,"success":12,"errored":0,"retried":0,"total":12,"elapsed":3}
[debug] [2022-12-25T02:26:12.581Z] >>> [apiv2][query] POST https://firebasehosting.googleapis.com/v1beta1/projects/856234813572/sites/fig-tree-hall/versions/92afd25a78d61b06:populateFiles [none]
[debug] [2022-12-25T02:26:12.581Z] >>> [apiv2][body] POST https://firebasehosting.googleapis.com/v1beta1/projects/856234813572/sites/fig-tree-hall/versions/92afd25a78d61b06:populateFiles {"files":{"/asset-manifest.json":"4ae22b6f4e45d17a0e36d1f0745ac3dda60acfef849172b3eb91bd5a4f583407","/favicon.ico":"b72f7455f00e4e58792d2bca892abb068e2213838c0316d6b7a0d6d16acd1955","/index.html":"d4c3de02d69da514aa99bbf01fd586b7234768cb1ff36eff72fdc49bfaedc4cb","/logo192.png":"caff018b7f1e8fd481eb1c50d75b0ef236bcd5078b1d15c8bb348453fee30293","/logo512.png":"191fc21360b4ccfb1cda11a1efb97f489ed22672ca83f4064316802bbfdd750e","/manifest.json":"341d52628782f8ac9290bbfc43298afccb47b7cbfcee146ae30cf0f46bc30900","/robots.txt":"391d14b3c2f8c9143a27a28c7399585142228d4d1bdbe2c87ac946de411fa9a2","/static/css/main.0d19d553.css":"0c04cffb40f9822d111f871af738f868332d21233e79db6acd55a88988aa1057","/static/css/main.0d19d553.css.map":"017cd9055a1e2d3d3616d13230fae3a900467aaa1b8031c4d951eef6321d2cce","/static/js/main.27299ebf.js":"a49748d44ad80dffa7e58380f0277e62c5de076e67688a7f2b552bd996d15f3c","/static/js/main.27299ebf.js.LICENSE.txt":"5780b29e3de731993632f4372c2d6e16e26a3ee9abb1f2a85d2cff38ed182fc2","/static/js/main.27299ebf.js.map":"9e6cf577c51bda0af3324cb6d2949e067c1d8077fb338bf8b348de0c8e6ba0a8"}}
[debug] [2022-12-25T02:26:13.799Z] <<< [apiv2][status] POST https://firebasehosting.googleapis.com/v1beta1/projects/856234813572/sites/fig-tree-hall/versions/92afd25a78d61b06:populateFiles 200
[debug] [2022-12-25T02:26:13.800Z] <<< [apiv2][body] POST https://firebasehosting.googleapis.com/v1beta1/projects/856234813572/sites/fig-tree-hall/versions/92afd25a78d61b06:populateFiles {"uploadRequiredHashes":["9e6cf577c51bda0af3324cb6d2949e067c1d8077fb338bf8b348de0c8e6ba0a8"],"uploadUrl":"https://upload-firebasehosting.googleapis.com/upload/sites/fig-tree-hall/versions/92afd25a78d61b06/files"}
[debug] [2022-12-25T02:26:13.805Z] >>> [apiv2][query] POST https://upload-firebasehosting.googleapis.com/upload/sites/fig-tree-hall/versions/92afd25a78d61b06/files/9e6cf577c51bda0af3324cb6d2949e067c1d8077fb338bf8b348de0c8e6ba0a8 [none]
[debug] [2022-12-25T02:26:13.806Z] >>> [apiv2][body] POST https://upload-firebasehosting.googleapis.com/upload/sites/fig-tree-hall/versions/92afd25a78d61b06/files/9e6cf577c51bda0af3324cb6d2949e067c1d8077fb338bf8b348de0c8e6ba0a8 [stream]
[debug] [2022-12-25T02:26:13.818Z] [hosting][populate queue][FINAL] {"max":1226,"min":1226,"avg":1226,"active":0,"complete":1,"success":1,"errored":0,"retried":0,"total":1,"elapsed":1239}
[debug] [2022-12-25T02:26:13.818Z] [hosting] uploads queued: 1
[debug] [2022-12-25T02:27:33.384Z] [uploadQueue] Retrying task 9e6cf577c51bda0af3324cb6d2949e067c1d8077fb338bf8b348de0c8e6ba0a8
[debug] [2022-12-25T02:27:33.385Z] >>> [apiv2][query] POST https://upload-firebasehosting.googleapis.com/upload/sites/fig-tree-hall/versions/92afd25a78d61b06/files/9e6cf577c51bda0af3324cb6d2949e067c1d8077fb338bf8b348de0c8e6ba0a8 [none]
[debug] [2022-12-25T02:27:33.385Z] >>> [apiv2][body] POST https://upload-firebasehosting.googleapis.com/upload/sites/fig-tree-hall/versions/92afd25a78d61b06/files/9e6cf577c51bda0af3324cb6d2949e067c1d8077fb338bf8b348de0c8e6ba0a8 [stream]
